<?xml version="1.0" encoding="UTF-8"?>
<!-- Generated by org.testng.reporters.JUnitXMLReporter -->
<testsuite ignored="0" hostname="CHDSEZ341618L" failures="3" tests="6" name="ContactPage Test Cases" time="64.866" errors="0" timestamp="2024-09-15T23:28:50 IST">
  <testcase classname="com.qa.tests.TC_ContactPageTest" name="verifyEmailIDTest" time="6.606"/>
  <testcase classname="com.qa.tests.TC_ContactPageTest" name="verifyEmailIDTest" time="6.725"/>
  <testcase classname="com.qa.tests.TC_ContactPageTest" name="verifyEmailIDTest" time="8.285"/>
  <testcase classname="com.qa.tests.TC_ContactPageTest" name="verifyEmailIDTest" time="11.189">
    <failure type="java.lang.AssertionError" message="The following asserts failed:
	Invalid Email address expected [true] but found [false]">
      <![CDATA[java.lang.AssertionError: The following asserts failed:
Invalid Email address expected [true] but found [false]
at com.qa.tests.TC_ContactPageTest.verifyEmailIDTest(TC_ContactPageTest.java:29)
at java.base/java.util.ArrayList.forEach(ArrayList.java:1511)
... Removed 29 stack frames]]>
    </failure>
  </testcase> <!-- verifyEmailIDTest -->
  <testcase classname="com.qa.tests.TC_ContactPageTest" name="verifyEmailIDTest" time="10.102">
    <failure type="java.lang.AssertionError" message="The following asserts failed:
	Invalid Email address expected [true] but found [false],
	Invalid Email address expected [true] but found [false]">
      <![CDATA[java.lang.AssertionError: The following asserts failed:
Invalid Email address expected [true] but found [false],
Invalid Email address expected [true] but found [false]
at com.qa.tests.TC_ContactPageTest.verifyEmailIDTest(TC_ContactPageTest.java:29)
at java.base/java.util.ArrayList.forEach(ArrayList.java:1511)
... Removed 29 stack frames]]>
    </failure>
  </testcase> <!-- verifyEmailIDTest -->
  <testcase classname="com.qa.tests.TC_ContactPageTest" name="verifyEmailIDTest" time="9.992">
    <failure type="java.lang.AssertionError" message="The following asserts failed:
	Invalid Email address expected [true] but found [false],
	Invalid Email address expected [true] but found [false],
	Invalid Email address expected [true] but found [false]">
      <![CDATA[java.lang.AssertionError: The following asserts failed:
Invalid Email address expected [true] but found [false],
Invalid Email address expected [true] but found [false],
Invalid Email address expected [true] but found [false]
at com.qa.tests.TC_ContactPageTest.verifyEmailIDTest(TC_ContactPageTest.java:29)
at java.base/java.util.ArrayList.forEach(ArrayList.java:1511)
... Removed 29 stack frames]]>
    </failure>
  </testcase> <!-- verifyEmailIDTest -->
</testsuite> <!-- ContactPage Test Cases -->
